-------------------------------------------------------------------------------
Test set: com.fastariam.VolumetriaServiceTest
-------------------------------------------------------------------------------
Tests run: 2, Failures: 0, Errors: 1, Skipped: 0, Time elapsed: 1.240 s <<< FAILURE! -- in com.fastariam.VolumetriaServiceTest
com.fastariam.VolumetriaServiceTest.sugestaoVeiculoPorVolume -- Time elapsed: 1.201 s <<< ERROR!
org.mockito.exceptions.misusing.UnnecessaryStubbingException: 

Unnecessary stubbings detected.
Clean & maintainable test code requires zero unnecessary code.
Following stubbings are unnecessary (click to navigate to relevant line of code):
  1. -> at com.fastariam.VolumetriaServiceTest.setup(VolumetriaServiceTest.java:27)
Please remove unnecessary stubbings or use 'lenient' strictness. More info: javadoc for UnnecessaryStubbingException class.
	at org.mockito.junit.jupiter.MockitoExtension.afterEach(MockitoExtension.java:192)
	at java.base/java.util.ArrayList.forEach(ArrayList.java:1612)
	at java.base/java.util.ArrayList.forEach(ArrayList.java:1612)

